Using pre-set license

 COMMAND LINE ARGUMENTS:
/Applications/Unity/Hub/Editor/2020.3.8f1/Unity.app/Contents/MacOS/Unity
-adb2
-batchMode
-noUpm
-name
AssetImportWorker0
-projectPath
/Users/anton/Downloads/TestConnectors-master
-logFile
Logs/AssetImportWorker0.log
-srvPort
58293
Successfully changed project path to: /Users/anton/Downloads/TestConnectors-master
/Users/anton/Downloads/TestConnectors-master
Using Asset Import Pipeline V2.
Refreshing native plugins compatible for Editor in 23.09 ms, found 1 plugins.
Preloading 0 native plugins for Editor in 0.00 ms.
Initialize engine version: 2020.3.8f1 (507919d4fff5)
[Subsystems] Discovering subsystems at path /Applications/Unity/Hub/Editor/2020.3.8f1/Unity.app/Contents/Resources/UnitySubsystems
[Subsystems] Discovering subsystems at path /Users/anton/Downloads/TestConnectors-master/Assets
GfxDevice: creating device client; threaded=0
2022-05-08 15:32:39.409 Unity[71467:4616632] C24F390 preferred device: AMD Radeon Pro 5600M (high power)
2022-05-08 15:32:39.409 Unity[71467:4616632] Metal devices available: 2
2022-05-08 15:32:39.410 Unity[71467:4616632] 0: AMD Radeon Pro 5600M (high power)
2022-05-08 15:32:39.410 Unity[71467:4616632] 1: Intel(R) UHD Graphics 630 (low power)
2022-05-08 15:32:39.410 Unity[71467:4616632] Using device AMD Radeon Pro 5600M (high power)
Initializing Metal device caps: AMD Radeon Pro 5600M
Initialize mono
Mono path[0] = '/Applications/Unity/Hub/Editor/2020.3.8f1/Unity.app/Contents/Managed'
Mono path[1] = '/Applications/Unity/Hub/Editor/2020.3.8f1/Unity.app/Contents/MonoBleedingEdge/lib/mono/unityjit'
Mono config path = '/Applications/Unity/Hub/Editor/2020.3.8f1/Unity.app/Contents/MonoBleedingEdge/etc'
Using monoOptions --debugger-agent=transport=dt_socket,embedding=1,server=y,suspend=n,address=127.0.0.1:56467
Begin MonoManager ReloadAssembly
Registering precompiled unity dll's ...
Register platform support module: /Applications/Unity/Hub/Editor/2020.3.8f1/Unity.app/Contents/PlaybackEngines/MacStandaloneSupport/UnityEditor.OSXStandalone.Extensions.dll
Registered in 0.001767 seconds.
Native extension for OSXStandalone target not found
Refreshing native plugins compatible for Editor in 23.53 ms, found 1 plugins.
Preloading 0 native plugins for Editor in 0.00 ms.
Mono: successfully reloaded assembly
- Completed reload, in  1.446 seconds
Platform modules already initialized, skipping
Registering precompiled user dll's ...
Registered in 0.000358 seconds.
Begin MonoManager ReloadAssembly
Native extension for OSXStandalone target not found
Refreshing native plugins compatible for Editor in 0.19 ms, found 1 plugins.
Preloading 0 native plugins for Editor in 0.00 ms.
Mono: successfully reloaded assembly
- Completed reload, in  0.803 seconds
Platform modules already initialized, skipping
========================================================================
Worker process is ready to serve import requests
Launching external process: /Applications/Unity/Hub/Editor/2020.3.8f1/Unity.app/Contents/Tools/UnityShaderCompiler
Launched and connected shader compiler UnityShaderCompiler after 0.02 seconds
Refreshing native plugins compatible for Editor in 0.20 ms, found 1 plugins.
Preloading 0 native plugins for Editor in 0.00 ms.
Unloading 1140 Unused Serialized files (Serialized files now loaded: 0)
System memory in use before: 108.3 MB.
System memory in use after: 108.4 MB.

Unloading 9 unused Assets to reduce memory usage. Loaded Objects now: 1584.
Total: 1.508075 ms (FindLiveObjects: 0.145855 ms CreateObjectMapping: 0.032960 ms MarkObjects: 1.263771 ms  DeleteObjects: 0.064906 ms)

========================================================================
Received Import Request.
  path: Assets/Resources/ECamera/PlayerCamera.prefab
  artifactKey: Guid(3930f5ebd25ce45988a67683fbf49f8d) Importer(815301076,1909f56bfc062723c751e8b465ee728b)
Start importing Assets/Resources/ECamera/PlayerCamera.prefab using Guid(3930f5ebd25ce45988a67683fbf49f8d) Importer(815301076,1909f56bfc062723c751e8b465ee728b)  -> (artifact id: '0ee7c6031a37eee8fbae72de58cf1360') in 0.175370 seconds
  Import took 0.177545 seconds .

========================================================================
Received Import Request.
  Time since last request: 0.112549 seconds.
  path: Assets/Resources/ECamera/PlayerCamera.prefab
  artifactKey: Guid(3930f5ebd25ce45988a67683fbf49f8d) Importer(815301076,1909f56bfc062723c751e8b465ee728b)
Start importing Assets/Resources/ECamera/PlayerCamera.prefab using Guid(3930f5ebd25ce45988a67683fbf49f8d) Importer(815301076,1909f56bfc062723c751e8b465ee728b)  -> (artifact id: '0ee7c6031a37eee8fbae72de58cf1360') in 0.007058 seconds
  Import took 0.008991 seconds .

========================================================================
Received Prepare
Refreshing native plugins compatible for Editor in 0.51 ms, found 1 plugins.
Preloading 0 native plugins for Editor in 0.00 ms.
Unloading 3 Unused Serialized files (Serialized files now loaded: 0)
System memory in use before: 90.5 MB.
System memory in use after: 90.6 MB.

Unloading 2 unused Assets to reduce memory usage. Loaded Objects now: 1584.
Total: 1.858623 ms (FindLiveObjects: 0.215891 ms CreateObjectMapping: 0.056493 ms MarkObjects: 1.574960 ms  DeleteObjects: 0.010403 ms)

========================================================================
Received Import Request.
  Time since last request: 42.649966 seconds.
  path: Assets/Resources/ECamera/PlayerCamera.prefab
  artifactKey: Guid(3930f5ebd25ce45988a67683fbf49f8d) Importer(815301076,1909f56bfc062723c751e8b465ee728b)
Start importing Assets/Resources/ECamera/PlayerCamera.prefab using Guid(3930f5ebd25ce45988a67683fbf49f8d) Importer(815301076,1909f56bfc062723c751e8b465ee728b)  -> (artifact id: '97f1c6c6ac613c8e3014ce74155ae7fe') in 0.004862 seconds
  Import took 0.006543 seconds .

========================================================================
Received Prepare
Registering precompiled user dll's ...
Registered in 0.000272 seconds.
Begin MonoManager ReloadAssembly
Native extension for OSXStandalone target not found
Refreshing native plugins compatible for Editor in 0.24 ms, found 1 plugins.
Preloading 0 native plugins for Editor in 0.00 ms.
Mono: successfully reloaded assembly
- Completed reload, in  0.795 seconds
Platform modules already initialized, skipping
Refreshing native plugins compatible for Editor in 0.13 ms, found 1 plugins.
Preloading 0 native plugins for Editor in 0.00 ms.
Unloading 1135 Unused Serialized files (Serialized files now loaded: 0)
System memory in use before: 112.9 MB.
System memory in use after: 113.0 MB.

Unloading 4 unused Assets to reduce memory usage. Loaded Objects now: 1587.
Total: 1.152348 ms (FindLiveObjects: 0.095175 ms CreateObjectMapping: 0.026017 ms MarkObjects: 1.021287 ms  DeleteObjects: 0.009356 ms)

========================================================================
Received Prepare
Registering precompiled user dll's ...
Registered in 0.000290 seconds.
Begin MonoManager ReloadAssembly
Native extension for OSXStandalone target not found
Refreshing native plugins compatible for Editor in 0.19 ms, found 1 plugins.
Preloading 0 native plugins for Editor in 0.00 ms.
Mono: successfully reloaded assembly
- Completed reload, in  0.791 seconds
Platform modules already initialized, skipping
Refreshing native plugins compatible for Editor in 0.16 ms, found 1 plugins.
Preloading 0 native plugins for Editor in 0.00 ms.
Unloading 1135 Unused Serialized files (Serialized files now loaded: 0)
System memory in use before: 113.2 MB.
System memory in use after: 113.3 MB.

Unloading 4 unused Assets to reduce memory usage. Loaded Objects now: 1590.
Total: 2.044848 ms (FindLiveObjects: 0.122666 ms CreateObjectMapping: 0.028337 ms MarkObjects: 1.860235 ms  DeleteObjects: 0.011545 ms)

========================================================================
Received Prepare
Registering precompiled user dll's ...
Registered in 0.001048 seconds.
Begin MonoManager ReloadAssembly
Native extension for OSXStandalone target not found
Refreshing native plugins compatible for Editor in 0.19 ms, found 1 plugins.
Preloading 0 native plugins for Editor in 0.00 ms.
Mono: successfully reloaded assembly
- Completed reload, in  0.807 seconds
Platform modules already initialized, skipping
Refreshing native plugins compatible for Editor in 0.19 ms, found 1 plugins.
Preloading 0 native plugins for Editor in 0.00 ms.
Unloading 1135 Unused Serialized files (Serialized files now loaded: 0)
System memory in use before: 113.4 MB.
System memory in use after: 113.5 MB.

Unloading 4 unused Assets to reduce memory usage. Loaded Objects now: 1593.
Total: 1.366562 ms (FindLiveObjects: 0.104357 ms CreateObjectMapping: 0.027603 ms MarkObjects: 1.224200 ms  DeleteObjects: 0.009833 ms)

========================================================================
Received Prepare
Registering precompiled user dll's ...
Registered in 0.000219 seconds.
Begin MonoManager ReloadAssembly
Native extension for OSXStandalone target not found
Refreshing native plugins compatible for Editor in 0.18 ms, found 1 plugins.
Preloading 0 native plugins for Editor in 0.00 ms.
Mono: successfully reloaded assembly
- Completed reload, in  0.738 seconds
Platform modules already initialized, skipping
Refreshing native plugins compatible for Editor in 0.22 ms, found 1 plugins.
Preloading 0 native plugins for Editor in 0.00 ms.
Unloading 1135 Unused Serialized files (Serialized files now loaded: 0)
System memory in use before: 113.6 MB.
System memory in use after: 113.7 MB.

Unloading 4 unused Assets to reduce memory usage. Loaded Objects now: 1596.
Total: 1.450512 ms (FindLiveObjects: 0.127193 ms CreateObjectMapping: 0.034301 ms MarkObjects: 1.274609 ms  DeleteObjects: 0.013718 ms)

========================================================================
Received Prepare
Registering precompiled user dll's ...
Registered in 0.001007 seconds.
Begin MonoManager ReloadAssembly
Native extension for OSXStandalone target not found
Refreshing native plugins compatible for Editor in 0.19 ms, found 1 plugins.
Preloading 0 native plugins for Editor in 0.00 ms.
Mono: successfully reloaded assembly
- Completed reload, in  0.750 seconds
Platform modules already initialized, skipping
Refreshing native plugins compatible for Editor in 0.18 ms, found 1 plugins.
Preloading 0 native plugins for Editor in 0.00 ms.
Unloading 1135 Unused Serialized files (Serialized files now loaded: 0)
System memory in use before: 113.8 MB.
System memory in use after: 113.9 MB.

Unloading 4 unused Assets to reduce memory usage. Loaded Objects now: 1599.
Total: 1.337364 ms (FindLiveObjects: 0.114338 ms CreateObjectMapping: 0.031231 ms MarkObjects: 1.180108 ms  DeleteObjects: 0.010948 ms)

AssetImportWorkerClient::OnTransportError - code=2 error=End of file
